<?xml version="1.0" encoding="UTF-8"?>
<!-- Generated by org.testng.reporters.JUnitXMLReporter -->
<testsuite ignored="0" hostname="DESKTOP-AK9E0OM" failures="0" tests="3" name="Default test" time="21.691" errors="0" timestamp="2022-04-23T10:54:19 IST">
  <testcase classname="com.Practice.DP_Test_1" name="LoginData" time="1.835"/>
  <testcase classname="com.Practice.DP_Test_1" name="LoginData" time="0.577"/>
  <testcase classname="com.Practice.DP_Test_1" name="LoginData" time="0.51"/>
</testsuite> <!-- Default test -->
