<?xml version="1.0" encoding="UTF-8"?>
<!-- Generated by org.testng.reporters.JUnitXMLReporter -->
<testsuite ignored="0" hostname="DESKTOP-AK9E0OM" failures="0" tests="3" name="Dashboard" time="18.704" errors="0" timestamp="2022-04-23T10:58:26 IST">
  <testcase classname="com.Practice.DP_Test_1" name="LoginData" time="1.425"/>
  <testcase classname="com.Practice.DP_Test_1" name="LoginData" time="0.493"/>
  <testcase classname="com.Practice.DP_Test_1" name="LoginData" time="0.546"/>
</testsuite> <!-- Dashboard -->
