<?xml version="1.0" encoding="UTF-8"?>
<!-- Generated by org.testng.reporters.JUnitXMLReporter -->
<testsuite ignored="2" hostname="DESKTOP-AK9E0OM" failures="0" tests="8" name="Zerodha" time="28.983" errors="0" timestamp="2022-04-23T10:58:08 IST">
  <testcase classname="com.Zerodha.Test_1" name="Test1" time="0.02"/>
  <testcase classname="com.Zerodha.Test_1" name="Test3" time="0.003"/>
  <testcase classname="com.Zerodha.Test_1" name="Test3" time="0.02"/>
  <testcase classname="com.Zerodha.Test_1" name="Test3" time="0.004"/>
  <testcase classname="com.Zerodha.Test_2" name="testng" time="0.011"/>
  <testcase classname="com.Zerodha.Test_2" name="Test12" time="0.012"/>
  <testcase classname="com.Zerodha.Test_2" name="Test12" time="0.03"/>
  <testcase classname="com.Zerodha.Test_2" name="Test12" time="0.006"/>
  <testcase classname="com.Zerodha.Test_1" name="Test2" time="0.0">
    <ignored/>
  </testcase> <!-- Test2 -->
  <testcase classname="com.Zerodha.Test_1" name="TestCase" time="0.0">
    <ignored/>
  </testcase> <!-- TestCase -->
</testsuite> <!-- Zerodha -->
